<?xml version="1.0" encoding="UTF-8"?>
<!-- Generated by org.testng.reporters.JUnitXMLReporter -->
<testsuite hostname="OmVeda-PC" name="FireFoxTest" tests="10" failures="0" timestamp="14 Dec 2017 20:55:03 GMT" time="47.402" errors="0">
  <testcase name="@BeforeMethod setUp" time="0.0" classname="com.agnesdora.qa.testcases.PlaceOrderTest">
    <failure type="org.openqa.selenium.WebDriverException" message="Timed out waiting 45 seconds for Firefox to start.
Build info: version: &amp;apos;3.7.1&amp;apos;, revision: &amp;apos;8a0099a&amp;apos;, time: &amp;apos;2017-11-06T21:01:39.354Z&amp;apos;
System info: host: &amp;apos;OMVEDA-PC&amp;apos;, ip: &amp;apos;192.168.1.108&amp;apos;, os.name: &amp;apos;Windows 7&amp;apos;, os.arch: &amp;apos;x86&amp;apos;, os.version: &amp;apos;6.1&amp;apos;, java.version: &amp;apos;1.8.0_152&amp;apos;
Driver info: driver.version: FirefoxDriver">
      <![CDATA[org.openqa.selenium.WebDriverException: Timed out waiting 45 seconds for Firefox to start.
Build info: version: '3.7.1', revision: '8a0099a', time: '2017-11-06T21:01:39.354Z'
System info: host: 'OMVEDA-PC', ip: '192.168.1.108', os.name: 'Windows 7', os.arch: 'x86', os.version: '6.1', java.version: '1.8.0_152'
Driver info: driver.version: FirefoxDriver
	at org.openqa.selenium.firefox.XpiDriverService.waitUntilAvailable(XpiDriverService.java:131)
	at org.openqa.selenium.firefox.XpiDriverService.start(XpiDriverService.java:116)
	at org.openqa.selenium.remote.service.DriverCommandExecutor.execute(DriverCommandExecutor.java:79)
	at org.openqa.selenium.remote.RemoteWebDriver.execute(RemoteWebDriver.java:600)
	at org.openqa.selenium.remote.RemoteWebDriver.startSession(RemoteWebDriver.java:219)
	at org.openqa.selenium.remote.RemoteWebDriver.<init>(RemoteWebDriver.java:142)
	at org.openqa.selenium.firefox.FirefoxDriver.<init>(FirefoxDriver.java:120)
	at org.openqa.selenium.firefox.FirefoxDriver.<init>(FirefoxDriver.java:98)
	at com.agnesdora.qa.base.TestBase.openBrowser(TestBase.java:59)
	at com.agnesdora.qa.testcases.PlaceOrderTest.setUp(PlaceOrderTest.java:90)
	at java.util.concurrent.FutureTask.run(Unknown Source)
	at java.util.concurrent.ThreadPoolExecutor.runWorker(Unknown Source)
	at java.util.concurrent.ThreadPoolExecutor$Worker.run(Unknown Source)
	at java.lang.Thread.run(Unknown Source)
Caused by: org.openqa.selenium.net.UrlChecker$TimeoutException: Timed out waiting for [http://localhost:43356/hub/status] to be available after 45002 ms
	at org.openqa.selenium.net.UrlChecker.waitUntilAvailable(UrlChecker.java:100)
	at org.openqa.selenium.firefox.XpiDriverService.waitUntilAvailable(XpiDriverService.java:129)
	... 31 more
Caused by: java.util.concurrent.TimeoutException
	at java.util.concurrent.FutureTask.get(Unknown Source)
	at com.google.common.util.concurrent.SimpleTimeLimiter.callWithTimeout(SimpleTimeLimiter.java:147)
	at org.openqa.selenium.net.UrlChecker.waitUntilAvailable(UrlChecker.java:75)
	... 32 more
... Removed 18 stack frames]]>
    </failure>
  </testcase> <!-- @BeforeMethod setUp -->
  <testcase name="@AfterMethod tearDown" time="0.0" classname="com.agnesdora.qa.testcases.PlaceOrderTest">
    <skipped/>
  </testcase> <!-- @AfterMethod tearDown -->
  <testcase name="@BeforeMethod setUp" time="0.0" classname="com.agnesdora.qa.testcases.PlaceOrderTest">
    <skipped/>
  </testcase> <!-- @BeforeMethod setUp -->
  <testcase name="@AfterMethod tearDown" time="0.0" classname="com.agnesdora.qa.testcases.PlaceOrderTest">
    <skipped/>
  </testcase> <!-- @AfterMethod tearDown -->
  <testcase name="@BeforeMethod setUp" time="0.0" classname="com.agnesdora.qa.testcases.PlaceOrderTest">
    <skipped/>
  </testcase> <!-- @BeforeMethod setUp -->
  <testcase name="@AfterMethod tearDown" time="0.0" classname="com.agnesdora.qa.testcases.PlaceOrderTest">
    <skipped/>
  </testcase> <!-- @AfterMethod tearDown -->
  <testcase name="@BeforeMethod setUp" time="0.0" classname="com.agnesdora.qa.testcases.PlaceOrderTest">
    <skipped/>
  </testcase> <!-- @BeforeMethod setUp -->
  <testcase name="@AfterMethod tearDown" time="0.0" classname="com.agnesdora.qa.testcases.PlaceOrderTest">
    <skipped/>
  </testcase> <!-- @AfterMethod tearDown -->
  <testcase name="@BeforeMethod setUp" time="0.0" classname="com.agnesdora.qa.testcases.PlaceOrderTest">
    <skipped/>
  </testcase> <!-- @BeforeMethod setUp -->
  <testcase name="@AfterMethod tearDown" time="0.0" classname="com.agnesdora.qa.testcases.PlaceOrderTest">
    <skipped/>
  </testcase> <!-- @AfterMethod tearDown -->
  <testcase name="@BeforeMethod setUp" time="0.0" classname="com.agnesdora.qa.testcases.PlaceOrderTest">
    <skipped/>
  </testcase> <!-- @BeforeMethod setUp -->
  <testcase name="@AfterMethod tearDown" time="0.0" classname="com.agnesdora.qa.testcases.PlaceOrderTest">
    <skipped/>
  </testcase> <!-- @AfterMethod tearDown -->
  <testcase name="@BeforeMethod setUp" time="0.0" classname="com.agnesdora.qa.testcases.PlaceOrderTest">
    <skipped/>
  </testcase> <!-- @BeforeMethod setUp -->
  <testcase name="@AfterMethod tearDown" time="0.0" classname="com.agnesdora.qa.testcases.PlaceOrderTest">
    <skipped/>
  </testcase> <!-- @AfterMethod tearDown -->
  <testcase name="@BeforeMethod setUp" time="0.0" classname="com.agnesdora.qa.testcases.PlaceOrderTest">
    <skipped/>
  </testcase> <!-- @BeforeMethod setUp -->
  <testcase name="@AfterMethod tearDown" time="0.0" classname="com.agnesdora.qa.testcases.PlaceOrderTest">
    <skipped/>
  </testcase> <!-- @AfterMethod tearDown -->
  <testcase name="@BeforeMethod setUp" time="0.0" classname="com.agnesdora.qa.testcases.PlaceOrderTest">
    <skipped/>
  </testcase> <!-- @BeforeMethod setUp -->
  <testcase name="@AfterMethod tearDown" time="0.0" classname="com.agnesdora.qa.testcases.PlaceOrderTest">
    <skipped/>
  </testcase> <!-- @AfterMethod tearDown -->
  <testcase name="@BeforeMethod setUp" time="0.0" classname="com.agnesdora.qa.testcases.PlaceOrderTest">
    <skipped/>
  </testcase> <!-- @BeforeMethod setUp -->
  <testcase name="@AfterMethod tearDown" time="0.0" classname="com.agnesdora.qa.testcases.PlaceOrderTest">
    <skipped/>
  </testcase> <!-- @AfterMethod tearDown -->
  <testcase name="@AfterTest afterTest" time="0.0" classname="com.agnesdora.qa.testcases.PlaceOrderTest">
    <skipped/>
  </testcase> <!-- @AfterTest afterTest -->
  <testcase name="orderProducts" time="0.009" classname="com.agnesdora.qa.testcases.PlaceOrderTest">
    <skipped/>
  </testcase> <!-- orderProducts -->
  <testcase name="orderProducts" time="0.002" classname="com.agnesdora.qa.testcases.PlaceOrderTest">
    <skipped/>
  </testcase> <!-- orderProducts -->
  <testcase name="orderProducts" time="0.002" classname="com.agnesdora.qa.testcases.PlaceOrderTest">
    <skipped/>
  </testcase> <!-- orderProducts -->
  <testcase name="orderProducts" time="0.002" classname="com.agnesdora.qa.testcases.PlaceOrderTest">
    <skipped/>
  </testcase> <!-- orderProducts -->
  <testcase name="orderProducts" time="0.002" classname="com.agnesdora.qa.testcases.PlaceOrderTest">
    <skipped/>
  </testcase> <!-- orderProducts -->
  <testcase name="orderProducts" time="0.001" classname="com.agnesdora.qa.testcases.PlaceOrderTest">
    <skipped/>
  </testcase> <!-- orderProducts -->
  <testcase name="orderProducts" time="0.001" classname="com.agnesdora.qa.testcases.PlaceOrderTest">
    <skipped/>
  </testcase> <!-- orderProducts -->
  <testcase name="orderProducts" time="0.001" classname="com.agnesdora.qa.testcases.PlaceOrderTest">
    <skipped/>
  </testcase> <!-- orderProducts -->
  <testcase name="orderProducts" time="0.0" classname="com.agnesdora.qa.testcases.PlaceOrderTest">
    <skipped/>
  </testcase> <!-- orderProducts -->
  <testcase name="orderProducts" time="0.001" classname="com.agnesdora.qa.testcases.PlaceOrderTest">
    <skipped/>
  </testcase> <!-- orderProducts -->
</testsuite> <!-- FireFoxTest -->
